2023-05-01 22:32:17.880 [main] INFO  org.example.RemoteChromeControl - Starting Chrome driver
2023-05-01 22:36:03.198 [main] INFO  org.example.RemoteChromeControl - Starting Chrome driver
2023-05-01 22:37:05.260 [main] INFO  org.example.RemoteChromeControl - Starting Chrome driver
2023-05-01 22:37:36.220 [main] INFO  org.example.RemoteChromeControl - Starting Chrome driver
2023-05-01 22:37:37.504 [main] INFO  org.example.RemoteChromeControl - Navigating to Facebook login page
2023-05-01 22:37:44.206 [main] INFO  org.example.RemoteChromeControl - Attempting to accept cookies
2023-05-01 22:37:44.290 [main] INFO  org.example.RemoteChromeControl - Clicking the 'Accept' button in the cookies popup
2023-05-01 22:37:58.382 [main] INFO  org.example.RemoteChromeControl - Logging in
2023-05-01 22:38:09.717 [main] INFO  org.example.RemoteChromeControl - Logging out
2023-05-01 22:39:10.643 [main] INFO  org.example.RemoteChromeControl - Starting Chrome driver
2023-05-01 22:39:17.780 [main] INFO  org.example.RemoteChromeControl - Navigating to Facebook login page
2023-05-01 22:39:23.095 [main] INFO  org.example.RemoteChromeControl - Attempting to accept cookies
2023-05-01 22:39:23.173 [main] INFO  org.example.RemoteChromeControl - Clicking the 'Accept' button in the cookies popup
2023-05-01 22:39:33.633 [main] INFO  org.example.RemoteChromeControl - Logging in
2023-05-01 22:39:43.334 [main] INFO  org.example.RemoteChromeControl - Logging out
2023-05-01 22:41:32.764 [main] INFO  org.example.RemoteChromeControl - Starting Chrome driver
2023-05-01 22:41:33.998 [main] INFO  org.example.RemoteChromeControl - Navigating to Facebook login page
2023-05-01 22:41:39.635 [main] INFO  org.example.RemoteChromeControl - Attempting to accept cookies
2023-05-01 22:41:39.711 [main] INFO  org.example.RemoteChromeControl - Clicking the 'Accept' button in the cookies popup
2023-05-01 22:41:49.826 [main] INFO  org.example.RemoteChromeControl - Logging in
2023-05-01 22:42:01.858 [main] INFO  org.example.RemoteChromeControl - Navigating to profile
2023-05-01 22:42:05.112 [main] INFO  org.example.RemoteChromeControl - Logging out
